#
# There is insufficient memory for the Java Runtime Environment to continue.
# Native memory allocation (mmap) failed to map 266338304 bytes for Failed to commit area from 0x0000000702800000 to 0x0000000712600000 of length 266338304.
# Possible reasons:
#   The system is out of physical RAM or swap space
#   The process is running with CompressedOops enabled, and the Java Heap may be blocking the growth of the native heap
# Possible solutions:
#   Reduce memory load on the system
#   Increase physical memory or swap space
#   Check if swap backing store is full
#   Decrease Java heap size (-Xmx/-Xms)
#   Decrease number of Java threads
#   Decrease Java thread stack sizes (-Xss)
#   Set larger code cache with -XX:ReservedCodeCacheSize=
# This output file may be truncated or incomplete.
#
#  Out of Memory Error (./open/src/hotspot/os/windows/os_windows.cpp:3273), pid=7016, tid=13084
#
# JRE version:  (11.0.11+9) (build )
# Java VM: Java HotSpot(TM) 64-Bit Server VM (11.0.11+9-LTS-194, mixed mode, sharing, tiered, compressed oops, g1 gc, windows-amd64)
# No core dump will be written. Minidumps are not enabled by default on client versions of Windows
#

---------------  S U M M A R Y ------------

Command Line: C:\Users\11147\AppData\Local\Temp\surefire18352999083127022600\surefirebooter7744065581697348155.jar C:\Users\11147\AppData\Local\Temp\surefire18352999083127022600 2022-05-21T16-58-35_597-jvmRun1 surefire2154673419296387418tmp surefire_01238698733613318072tmp

Host: Intel(R) Core(TM) i5-9300H CPU @ 2.40GHz, 8 cores, 15G,  Windows 10 , 64 bit Build 19041 (10.0.19041.1706)
Time: Sat May 21 16:58:36 2022 中国标准时间 elapsed time: 0.012365 seconds (0d 0h 0m 0s)

---------------  T H R E A D  ---------------

Current thread (0x000001d91d843000):  JavaThread "Unknown thread" [_thread_in_vm, id=13084, stack(0x0000008623a00000,0x0000008623b00000)]

Stack: [0x0000008623a00000,0x0000008623b00000]
Native frames: (J=compiled Java code, j=interpreted, Vv=VM code, C=native code)
V  [jvm.dll+0x616f2a]
V  [jvm.dll+0x74de7f]
V  [jvm.dll+0x74f505]
V  [jvm.dll+0x74fb83]
V  [jvm.dll+0x2436d8]
V  [jvm.dll+0x61431a]
V  [jvm.dll+0x6090f5]
V  [jvm.dll+0x2f7eec]
V  [jvm.dll+0x2f7d72]
V  [jvm.dll+0x2fca26]
V  [jvm.dll+0x33efef]
V  [jvm.dll+0x33ea20]
V  [jvm.dll+0x2d5608]
V  [jvm.dll+0x2d6766]
V  [jvm.dll+0x7299e7]
V  [jvm.dll+0x72b28f]
V  [jvm.dll+0x34bd39]
V  [jvm.dll+0x70f360]
V  [jvm.dll+0x3b50df]
V  [jvm.dll+0x3b71e1]
C  [jli.dll+0x520b]
C  [ucrtbase.dll+0x21bb2]
C  [KERNEL32.DLL+0x17034]
C  [ntdll.dll+0x52651]


---------------  P R O C E S S  ---------------

Threads class SMR info:
_java_thread_list=0x000001d91b7257f0, length=0, elements={
}

Java Threads: ( => current thread )

Other Threads:
  0x000001d91d854000 GCTaskThread "GC Thread#0" [stack: 0x0000008623b00000,0x0000008623c00000] [id=18448]
  0x000001d91d8b1000 ConcurrentGCThread "G1 Main Marker" [stack: 0x0000008623c00000,0x0000008623d00000] [id=7352]
  0x000001d91d8b2800 ConcurrentGCThread "G1 Conc#0" [stack: 0x0000008623d00000,0x0000008623e00000] [id=13844]

[error occurred during error reporting (printing all threads), id 0xc0000005, EXCEPTION_ACCESS_VIOLATION (0xc0000005) at pc=0x00007ffae0514857]

VM state:not at safepoint (not fully initialized)

VM Mutex/Monitor currently owned by a thread:  ([mutex/lock_event])
[0x000001d91d842c20] Heap_lock - owner thread: 0x000001d91d843000

Heap address: 0x0000000702800000, size: 4056 MB, Compressed Oops mode: Non-zero based: 0x0000000702800000
Narrow klass base: 0x0000000000000000, Narrow klass shift: 0

GC Heap History (0 events):
No events

Deoptimization events (0 events):
No events

Classes redefined (0 events):
No events

Internal exceptions (0 events):
No events

Events (0 events):
No events


Dynamic libraries:
0x00007ff6b62b0000 - 0x00007ff6b62bf000 	C:\Program Files\Java\jdk-11.0.11\bin\java.exe
0x00007ffb2b790000 - 0x00007ffb2b985000 	C:\WINDOWS\SYSTEM32\ntdll.dll
0x00007ffb2b260000 - 0x00007ffb2b31d000 	C:\WINDOWS\System32\KERNEL32.DLL
0x00007ffb29130000 - 0x00007ffb293fd000 	C:\WINDOWS\System32\KERNELBASE.dll
0x00007ffb28ea0000 - 0x00007ffb28fa0000 	C:\WINDOWS\System32\ucrtbase.dll
0x00007ffb22b70000 - 0x00007ffb22b88000 	C:\Program Files\Java\jdk-11.0.11\bin\jli.dll
0x00007ffb1c180000 - 0x00007ffb1c195000 	C:\Program Files\Java\jdk-11.0.11\bin\VCRUNTIME140.dll
0x00007ffb2b630000 - 0x00007ffb2b6de000 	C:\WINDOWS\System32\ADVAPI32.dll
0x00007ffb2a600000 - 0x00007ffb2a69e000 	C:\WINDOWS\System32\msvcrt.dll
0x00007ffb2a560000 - 0x00007ffb2a5fc000 	C:\WINDOWS\System32\sechost.dll
0x00007ffb29da0000 - 0x00007ffb29ec5000 	C:\WINDOWS\System32\RPCRT4.dll
0x00007ffb2a730000 - 0x00007ffb2a8d0000 	C:\WINDOWS\System32\USER32.dll
0x00007ffb29100000 - 0x00007ffb29122000 	C:\WINDOWS\System32\win32u.dll
0x00007ffb2b570000 - 0x00007ffb2b59a000 	C:\WINDOWS\System32\GDI32.dll
0x00007ffb14ea0000 - 0x00007ffb1513a000 	C:\WINDOWS\WinSxS\amd64_microsoft.windows.common-controls_6595b64144ccf1df_6.0.19041.1110_none_60b5254171f9507e\COMCTL32.dll
0x00007ffb29400000 - 0x00007ffb2950b000 	C:\WINDOWS\System32\gdi32full.dll
0x00007ffb296b0000 - 0x00007ffb2974d000 	C:\WINDOWS\System32\msvcp_win.dll
0x00007ffb21980000 - 0x00007ffb2198a000 	C:\WINDOWS\SYSTEM32\VERSION.dll
0x00007ffb2a700000 - 0x00007ffb2a730000 	C:\WINDOWS\System32\IMM32.DLL
0x00007ffaf1550000 - 0x00007ffaf15eb000 	C:\Program Files\Java\jdk-11.0.11\bin\msvcp140.dll
0x00007ffae0230000 - 0x00007ffae0d2e000 	C:\Program Files\Java\jdk-11.0.11\bin\server\jvm.dll
0x00007ffb29f30000 - 0x00007ffb29f38000 	C:\WINDOWS\System32\PSAPI.DLL
0x00007ffb0e320000 - 0x00007ffb0e347000 	C:\WINDOWS\SYSTEM32\WINMM.dll
0x00007ffb0cf20000 - 0x00007ffb0cf29000 	C:\WINDOWS\SYSTEM32\WSOCK32.dll
0x00007ffb2b5c0000 - 0x00007ffb2b62b000 	C:\WINDOWS\System32\WS2_32.dll
0x00007ffb26da0000 - 0x00007ffb26db2000 	C:\WINDOWS\SYSTEM32\kernel.appcore.dll
0x00007ffb23670000 - 0x00007ffb23680000 	C:\Program Files\Java\jdk-11.0.11\bin\verify.dll
0x00007ffb13480000 - 0x00007ffb13664000 	C:\WINDOWS\SYSTEM32\DBGHELP.DLL
0x00007ffb0fc60000 - 0x00007ffb0fc8c000 	C:\WINDOWS\SYSTEM32\dbgcore.DLL
0x00007ffb29750000 - 0x00007ffb297d2000 	C:\WINDOWS\System32\bcryptPrimitives.dll
0x00007ffb1c150000 - 0x00007ffb1c178000 	C:\Program Files\Java\jdk-11.0.11\bin\java.dll
0x00007ffb23650000 - 0x00007ffb2365a000 	C:\Program Files\Java\jdk-11.0.11\bin\jimage.dll
0x00007ffb1bd90000 - 0x00007ffb1bda6000 	C:\Program Files\Java\jdk-11.0.11\bin\zip.dll

dbghelp: loaded successfully - version: 4.0.5 - missing functions: none
symbol engine: initialized successfully - sym options: 0x614 - pdb path: .;C:\Program Files\Java\jdk-11.0.11\bin;C:\WINDOWS\SYSTEM32;C:\WINDOWS\WinSxS\amd64_microsoft.windows.common-controls_6595b64144ccf1df_6.0.19041.1110_none_60b5254171f9507e;C:\Program Files\Java\jdk-11.0.11\bin\server

VM Arguments:
java_command: C:\Users\11147\AppData\Local\Temp\surefire18352999083127022600\surefirebooter7744065581697348155.jar C:\Users\11147\AppData\Local\Temp\surefire18352999083127022600 2022-05-21T16-58-35_597-jvmRun1 surefire2154673419296387418tmp surefire_01238698733613318072tmp
java_class_path (initial): C:\Users\11147\AppData\Local\Temp\surefire18352999083127022600\surefirebooter7744065581697348155.jar
Launcher Type: SUN_STANDARD

[Global flags]
     intx CICompilerCount                          = 4                                         {product} {ergonomic}
     uint ConcGCThreads                            = 2                                         {product} {ergonomic}
     uint G1ConcRefinementThreads                  = 8                                         {product} {ergonomic}
   size_t G1HeapRegionSize                         = 1048576                                   {product} {ergonomic}
    uintx GCDrainStackTargetSize                   = 64                                        {product} {ergonomic}
   size_t InitialHeapSize                          = 266338304                                 {product} {ergonomic}
   size_t MarkStackSize                            = 4194304                                   {product} {ergonomic}
   size_t MaxHeapSize                              = 4253024256                                {product} {ergonomic}
   size_t MinHeapDeltaBytes                        = 1048576                                   {product} {ergonomic}
    uintx NonNMethodCodeHeapSize                   = 5836300                                {pd product} {ergonomic}
    uintx NonProfiledCodeHeapSize                  = 122910970                              {pd product} {ergonomic}
    uintx ProfiledCodeHeapSize                     = 122910970                              {pd product} {ergonomic}
    uintx ReservedCodeCacheSize                    = 251658240                              {pd product} {ergonomic}
     bool SegmentedCodeCache                       = true                                      {product} {ergonomic}
     bool UseCompressedClassPointers               = true                                 {lp64_product} {ergonomic}
     bool UseCompressedOops                        = true                                 {lp64_product} {ergonomic}
     bool UseG1GC                                  = true                                      {product} {ergonomic}
     bool UseLargePagesIndividualAllocation        = false                                  {pd product} {ergonomic}

Logging:
Log output configuration:
 #0: stdout all=warning uptime,level,tags
 #1: stderr all=off uptime,level,tags

Environment Variables:
JAVA_HOME=C:\Program Files\Java\jdk-11.0.11
CLASSPATH=C:\Program Files\Java\jdk-11.0.11\lib/.;D:\1\jmeter\apache-jmeter-5.4.3\lib\ext\ApacheJMeter_core.jar;D:\1\jmeter\apache-jmeter-5.4.3\lib\jorphan.jar;D:\1\jmeter\apache-jmeter-5.4.3\lib\logkit-2.0.jar;
PATH=C:\Program Files\HPE\NV\lib\shunra\vcat;D:\1\CUDA Samples\bin;D:\1\CUDA Samples\libnvvp;C:\Program Files\Microsoft\jdk-11.0.12.7-hotspot\bin;C:\WINDOWS\system32;C:\WINDOWS;C:\WINDOWS\System32\Wbem;C:\WINDOWS\System32\WindowsPowerShell\v1.0\;C:\WINDOWS\System32\OpenSSH\;C:\Program Files\dotnet\;C:\Program Files (x86)\NVIDIA Corporation\PhysX\Common;C:\Program Files\NVIDIA Corporation\NVIDIA NvDLISR;C:\Program Files\Java\jdk-11.0.11\bin;C:\Program Files\Java\jdk-11.0.11\jre\bin;C:\WINDOWS\system32;C:\WINDOWS;C:\WINDOWS\System32\Wbem;C:\WINDOWS\System32\WindowsPowerShell\v1.0\;C:\WINDOWS\System32\OpenSSH\;%QUARTUS_ROOTDIR%\bin;E:\environment\apache-maven-3.8.1\bin;E:\environment\git\Git\cmd;E:\environment\nodejs;E:\environment\nodejs\node_global;E:\environment\mysql\mysql-8.0.26-winx64\bin;D:\1\linux\xftp\;D:\1\linux\xshell\;C:\Program Files\Azure Data Studio\bin;E:\environment\Redis-x64-3.2.100;E:\environment\nacos\bin;E:\environment\mingw32\bin;E:\environment\pyton3.6.8;E:\environment\pyton3.6.8\Scripts;C:\Program Files\Google\Chrome\Application;E:\environment\chrome;E:\environment\flex\GnuWin32\bin;E:\environment\bison\GnuWin32\bin;D:\1\CUDA Samples\lib\x64;D:\1\CUDA Samples\bin;%CUDA_SDK_PATH%\common\lib\x64;%CUDA_SDK_PATH%\bin\win64;D:\1\CUDA Samples\lib\x64;D:\1\CUDA Samples\bin;D:\1\CUDA Samples\common\lib\x64;D:\1\CUDA Samples\bin\win64;D:\1\CUDA Samples\bin;D:\1\jmeter\apache-jmeter-5.4.3\bin;D:\1\wechat-devtool\微信web开发者工具\dll;D:\1\LoadRunnerHp\strawberry-perl\perl\bin;D:\1\jmeter\apache-jmeter-5.4.3\bin;C:\Program Files (x86)\dotnet\;E:\environment\Git LFS;C:\Users\11147\.dotnet\tools;D:\1\vscode\Microsoft VS Code\bin
USERNAME=lianger
OS=Windows_NT
PROCESSOR_IDENTIFIER=Intel64 Family 6 Model 158 Stepping 10, GenuineIntel



---------------  S Y S T E M  ---------------

OS: Windows 10 , 64 bit Build 19041 (10.0.19041.1706)

CPU:total 8 (initial active 8) (4 cores per cpu, 2 threads per core) family 6 model 158 stepping 10 microcode 0xb4, cmov, cx8, fxsr, mmx, sse, sse2, sse3, ssse3, sse4.1, sse4.2, popcnt, avx, avx2, aes, clmul, erms, 3dnowpref, lzcnt, ht, tsc, tscinvbit, bmi1, bmi2, adx, fma

Memory: 4k page, system-wide physical 16222M (556M free)
TotalPageFile size 33237M (AvailPageFile size 206M)
current process WorkingSet (physical memory assigned to process): 10M, peak: 10M
current process commit charge ("private bytes"): 60M, peak: 314M

vm_info: Java HotSpot(TM) 64-Bit Server VM (11.0.11+9-LTS-194) for windows-amd64 JRE (11.0.11+9-LTS-194), built on Mar 18 2021 18:46:53 by "mach5one" with MS VC++ 15.9 (VS2017)

END.
